.++++++++++++++++++++++++++++++++++++++++++++++++++++++++++++++.
.------------------- TASTYIGNITER SETUP LOG ------------------.
.++++++++++++++++++++++++++++++++++++++++++++++++++++++++++++++.
[2020/08/25 07:47:34] => Host: Linux lamp-ubuntu-s-4vcpu-8gb-fra1-01 5.4.0-42-generic #46-Ubuntu SMP Fri Jul 10 00:24:02 UTC 2020 x86_64
[2020/08/25 07:47:34] => PHP version: 7.4.3
[2020/08/25 07:47:34] => Server software: Apache/2.4.41 (Ubuntu)
[2020/08/25 07:47:34] => Operating system: Linux
[2020/08/25 07:47:34] => Memory limit: 128M
[2020/08/25 07:47:34] => Max execution time: 30
[2020/08/25 07:47:34] => .============================ POST REQUEST ==========================.
[2020/08/25 07:47:34] => Postback payload: Array
(
    [code] => php
    [handler] => onCheckRequirements
)

[2020/08/25 07:47:34] => System check: php
[2020/08/25 07:47:34] => Requirement php +OK
[2020/08/25 07:47:34] => Execute handler (onCheckRequirements): Array
(
    [result] => 1
)

[2020/08/25 07:47:34] => .============================ POST REQUEST ==========================.
[2020/08/25 07:47:34] => Postback payload: Array
(
    [code] => php
    [handler] => onCheckRequirements
)

[2020/08/25 07:47:34] => System check: php
[2020/08/25 07:47:34] => Requirement php +OK
[2020/08/25 07:47:34] => Execute handler (onCheckRequirements): Array
(
    [result] => 1
)

[2020/08/25 07:47:37] => .============================ POST REQUEST ==========================.
[2020/08/25 07:47:37] => Postback payload: Array
(
    [code] => mysqli
    [handler] => onCheckRequirements
)

[2020/08/25 07:47:37] => System check: mysqli
[2020/08/25 07:47:37] => Requirement mysqli +OK
[2020/08/25 07:47:37] => Execute handler (onCheckRequirements): Array
(
    [result] => 1
)

[2020/08/25 07:47:39] => .============================ POST REQUEST ==========================.
[2020/08/25 07:47:39] => Postback payload: Array
(
    [code] => pdo
    [handler] => onCheckRequirements
)

[2020/08/25 07:47:39] => System check: pdo
[2020/08/25 07:47:39] => Requirement pdo +OK
[2020/08/25 07:47:39] => Execute handler (onCheckRequirements): Array
(
    [result] => 1
)

[2020/08/25 07:47:41] => .============================ POST REQUEST ==========================.
[2020/08/25 07:47:41] => Postback payload: Array
(
    [code] => curl
    [handler] => onCheckRequirements
)

[2020/08/25 07:47:41] => System check: curl
[2020/08/25 07:47:41] => Requirement curl +OK
[2020/08/25 07:47:41] => Execute handler (onCheckRequirements): Array
(
    [result] => 1
)

[2020/08/25 07:47:43] => .============================ POST REQUEST ==========================.
[2020/08/25 07:47:43] => Postback payload: Array
(
    [code] => connection
    [handler] => onCheckRequirements
)

[2020/08/25 07:47:43] => System check: connection
[2020/08/25 07:47:43] => Server request: ping
[2020/08/25 07:47:43] => Request information: Array
(
    [url] => https://api.tastyigniter.com/v2/ping
    [content_type] => application/json
    [http_code] => 200
    [header_size] => 712
    [request_size] => 134
    [filetime] => -1
    [ssl_verify_result] => 0
    [redirect_count] => 0
    [total_time] => 0.169145
    [namelookup_time] => 0.006322
    [connect_time] => 0.028598
    [pretransfer_time] => 0.062913
    [size_upload] => 44
    [size_download] => 27
    [speed_download] => 159
    [speed_upload] => 260
    [download_content_length] => -1
    [upload_content_length] => 44
    [starttransfer_time] => 0.062916
    [redirect_time] => 0
    [redirect_url] => 
    [primary_ip] => 104.24.114.215
    [certinfo] => Array
        (
        )

    [primary_port] => 443
    [local_ip] => 157.230.98.59
    [local_port] => 53764
    [http_version] => 3
    [protocol] => 2
    [ssl_verifyresult] => 0
    [scheme] => HTTPS
    [appconnect_time_us] => 62764
    [connect_time_us] => 28598
    [namelookup_time_us] => 6322
    [pretransfer_time_us] => 62913
    [redirect_time_us] => 0
    [starttransfer_time_us] => 62916
    [total_time_us] => 169145
)

[2020/08/25 07:47:43] => Requirement connection +OK
[2020/08/25 07:47:43] => Execute handler (onCheckRequirements): Array
(
    [result] => 1
)

[2020/08/25 07:47:44] => .============================ POST REQUEST ==========================.
[2020/08/25 07:47:44] => Postback payload: Array
(
    [code] => mbstring
    [handler] => onCheckRequirements
)

[2020/08/25 07:47:44] => System check: mbstring
[2020/08/25 07:47:44] => Requirement mbstring +OK
[2020/08/25 07:47:44] => Execute handler (onCheckRequirements): Array
(
    [result] => 1
)

[2020/08/25 07:47:46] => .============================ POST REQUEST ==========================.
[2020/08/25 07:47:46] => Postback payload: Array
(
    [code] => ssl
    [handler] => onCheckRequirements
)

[2020/08/25 07:47:46] => System check: ssl
[2020/08/25 07:47:46] => Requirement ssl +OK
[2020/08/25 07:47:46] => Execute handler (onCheckRequirements): Array
(
    [result] => 1
)

[2020/08/25 07:47:48] => .============================ POST REQUEST ==========================.
[2020/08/25 07:47:48] => Postback payload: Array
(
    [code] => gd
    [handler] => onCheckRequirements
)

[2020/08/25 07:47:48] => System check: gd
[2020/08/25 07:47:48] => Requirement gd +OK
[2020/08/25 07:47:48] => Execute handler (onCheckRequirements): Array
(
    [result] => 1
)

[2020/08/25 07:47:49] => .============================ POST REQUEST ==========================.
[2020/08/25 07:47:49] => Postback payload: Array
(
    [code] => zip
    [handler] => onCheckRequirements
)

[2020/08/25 07:47:49] => System check: zip
[2020/08/25 07:47:49] => Requirement zip +OK
[2020/08/25 07:47:49] => Execute handler (onCheckRequirements): Array
(
    [result] => 1
)

[2020/08/25 07:47:51] => .============================ POST REQUEST ==========================.
[2020/08/25 07:47:51] => Postback payload: Array
(
    [code] => writable
    [handler] => onCheckRequirements
)

[2020/08/25 07:47:51] => System check: writable
[2020/08/25 07:47:51] => Requirement writable +OK
[2020/08/25 07:47:51] => Execute handler (onCheckRequirements): Array
(
    [result] => 1
)

[2020/08/25 07:47:56] => .============================ POST REQUEST ==========================.
[2020/08/25 07:47:56] => Postback payload: Array
(
    [license_agreed] => 1
    [requirement] => complete
    [handler] => onCheckLicense
)

[2020/08/25 07:47:56] => License & requirement check: complete
[2020/08/25 07:47:56] => Execute handler (onCheckLicense): Array
(
    [step] => database
)

[2020/08/25 07:48:35] => .============================ POST REQUEST ==========================.
[2020/08/25 07:48:35] => Postback payload: Array
(
    [disableLog] => 1
)

[2020/08/25 07:48:35] => Database check: tastyignitor
[2020/08/25 07:48:35] => Database tastyignitor +OK
[2020/08/25 07:48:35] => Execute handler (onCheckDatabase): Array
(
    [step] => settings
)

[2020/08/25 07:48:49] => .============================ POST REQUEST ==========================.
[2020/08/25 07:48:49] => Postback payload: Array
(
    [disableLog] => 1
)

[2020/08/25 07:48:49] => Settings check: TastyIgniter
[2020/08/25 07:48:49] => Settings +OK
[2020/08/25 07:48:49] => Execute handler (onValidateSettings): Array
(
    [step] => install
)

[2020/08/25 07:48:59] => .============================ POST REQUEST ==========================.
[2020/08/25 07:48:59] => Postback payload: Array
(
    [site_key] => 
    [requirement] => complete
    [handler] => onFetchItems
)

[2020/08/25 07:48:59] => Server request: items
[2020/08/25 07:48:59] => Request information: Array
(
    [url] => https://api.tastyigniter.com/v2/items
    [content_type] => application/json
    [http_code] => 200
    [header_size] => 712
    [request_size] => 135
    [filetime] => -1
    [ssl_verify_result] => 0
    [redirect_count] => 0
    [total_time] => 0.56465
    [namelookup_time] => 0.005365
    [connect_time] => 0.027671
    [pretransfer_time] => 0.063173
    [size_upload] => 86
    [size_download] => 3330
    [speed_download] => 5904
    [speed_upload] => 152
    [download_content_length] => -1
    [upload_content_length] => 86
    [starttransfer_time] => 0.063177
    [redirect_time] => 0
    [redirect_url] => 
    [primary_ip] => 104.24.115.215
    [certinfo] => Array
        (
        )

    [primary_port] => 443
    [local_ip] => 157.230.98.59
    [local_port] => 56930
    [http_version] => 3
    [protocol] => 2
    [ssl_verifyresult] => 0
    [scheme] => HTTPS
    [appconnect_time_us] => 63031
    [connect_time_us] => 27671
    [namelookup_time_us] => 5365
    [pretransfer_time_us] => 63173
    [redirect_time_us] => 0
    [starttransfer_time_us] => 63177
    [total_time_us] => 564650
)

[2020/08/25 07:48:59] => Execute handler (onFetchItems): Array
(
    [data] => Array
        (
            [0] => Array
                (
                    [id] => 8
                    [code] => tastyigniter-orange
                    [name] => TastyIgniter Orange
                    [author] => TastyIgniter Dev Team
                    [icon] => https://d980sf4vy2c60.cloudfront.net/public/5f0/772/93e/5f077293e9c63952662945.png
                    [type] => theme
                    [version] => v2.5.0
                    [description] => Free Modern, Responsive and Clean TastyIgniter Theme based on Bootstrap 4.
                    [homepage] => https://tastyigniter.com/marketplace/item/tastyigniter-orange
                    [created_at] => 2018-04-27T22:47:40.000000Z
                    [updated_at] => 2020-08-25T19:31:33.000000Z
                    [require] => Array
                        (
                            [data] => Array
                                (
                                    [0] => Array
                                        (
                                            [id] => 4
                                            [code] => igniter.cart
                                            [name] => Cart
                                            [author] => SamPoyigi
                                            [icon] => fa fa-shopping-cart
                                            [type] => extension
                                            [version] => v2.2.0
                                            [description] => Easily add a shopping cart to your site. The most powerful way to sell your menu items.
                                            [homepage] => https://tastyigniter.com/marketplace/item/igniter-cart
                                            [created_at] => 2018-04-22T14:47:39.000000Z
                                            [updated_at] => 2020-08-25T19:35:44.000000Z
                                        )

                                    [1] => Array
                                        (
                                            [id] => 1
                                            [code] => igniter.frontend
                                            [name] => FrontEnd
                                            [author] => SamPoyigi
                                            [icon] => fa fa-store
                                            [type] => extension
                                            [version] => v1.3.0
                                            [description] => Manage basic components like Slider, Featured Menu Items, Banners and Newsletter
                                            [homepage] => https://tastyigniter.com/marketplace/item/igniter-frontend
                                            [created_at] => 2018-04-22T22:47:39.000000Z
                                            [updated_at] => 2020-08-25T19:36:03.000000Z
                                        )

                                    [2] => Array
                                        (
                                            [id] => 7
                                            [code] => igniter.local
                                            [name] => Local
                                            [author] => SamPoyigi
                                            [icon] => fa fa-map-marker
                                            [type] => extension
                                            [version] => v1.4.1
                                            [description] => This extension allows your customers to find the nearest location.
                                            [homepage] => https://tastyigniter.com/marketplace/item/igniter-local
                                            [created_at] => 2018-04-24T22:47:40.000000Z
                                            [updated_at] => 2020-08-25T19:35:57.000000Z
                                        )

                                    [3] => Array
                                        (
                                            [id] => 5
                                            [code] => igniter.pages
                                            [name] => Pages
                                            [author] => SamPoyigi
                                            [icon] => fa fa-files-o
                                            [type] => extension
                                            [version] => v1.3.4
                                            [description] => Provides static pages and navigation menus for your TastyIgniter application.
                                            [homepage] => https://tastyigniter.com/marketplace/item/igniter-pages
                                            [created_at] => 2018-04-23T22:47:39.000000Z
                                            [updated_at] => 2020-08-25T19:36:34.000000Z
                                        )

                                    [4] => Array
                                        (
                                            [id] => 2
                                            [code] => igniter.payregister
                                            [name] => Pay Register
                                            [author] => SamPoyigi
                                            [icon] => fa fa-money
                                            [type] => extension
                                            [version] => v1.3.3
                                            [description] => Allows you to accept credit card payments using PayPal, Stripe, Authorize.Net and/or Mollie.
                                            [homepage] => https://tastyigniter.com/marketplace/item/igniter-payregister
                                            [created_at] => 2018-04-27T22:47:39.000000Z
                                            [updated_at] => 2020-08-25T19:36:09.000000Z
                                        )

                                    [5] => Array
                                        (
                                            [id] => 3
                                            [code] => igniter.reservation
                                            [name] => Reservations
                                            [author] => SamPoyigi
                                            [icon] => fa fa-calendar
                                            [type] => extension
                                            [version] => v1.1.7
                                            [description] => Provides a simple booking form to accept table reservations.
                                            [homepage] => https://tastyigniter.com/marketplace/item/igniter-reservation
                                            [created_at] => 2018-04-27T22:47:39.000000Z
                                            [updated_at] => 2020-08-25T18:46:54.000000Z
                                        )

                                    [6] => Array
                                        (
                                            [id] => 6
                                            [code] => igniter.user
                                            [name] => User
                                            [author] => SamPoyigi
                                            [icon] => fa fa-user
                                            [type] => extension
                                            [version] => v1.4.0
                                            [description] => Management of front-end users (customers) on TastyIgniter.
                                            [homepage] => https://tastyigniter.com/marketplace/item/igniter-user
                                            [created_at] => 2018-04-27T22:47:40.000000Z
                                            [updated_at] => 2020-08-25T19:35:33.000000Z
                                        )

                                )

                        )

                )

        )

    [meta] => Array
        (
            [pagination] => Array
                (
                    [total] => 1
                    [count] => 1
                    [per_page] => 30
                    [current_page] => 1
                    [total_pages] => 1
                    [links] => Array
                        (
                        )

                )

        )

)

[2020/08/25 07:49:02] => .============================ POST REQUEST ==========================.
[2020/08/25 07:49:02] => Postback payload: Array
(
    [disableLog] => 1
)

[2020/08/25 07:49:02] => Foundation setup: apply
[2020/08/25 07:49:02] => Server request: core/install
[2020/08/25 07:49:02] => Request information: Array
(
    [url] => https://api.tastyigniter.com/v2/core/install
    [content_type] => application/json
    [http_code] => 200
    [header_size] => 712
    [request_size] => 143
    [filetime] => -1
    [ssl_verify_result] => 0
    [redirect_count] => 0
    [total_time] => 0.193484
    [namelookup_time] => 0.005468
    [connect_time] => 0.01903
    [pretransfer_time] => 0.044084
    [size_upload] => 619
    [size_download] => 2914
    [speed_download] => 15098
    [speed_upload] => 3207
    [download_content_length] => -1
    [upload_content_length] => 619
    [starttransfer_time] => 0.044087
    [redirect_time] => 0
    [redirect_url] => 
    [primary_ip] => 172.67.167.111
    [certinfo] => Array
        (
        )

    [primary_port] => 443
    [local_ip] => 157.230.98.59
    [local_port] => 55736
    [http_version] => 3
    [protocol] => 2
    [ssl_verifyresult] => 0
    [scheme] => HTTPS
    [appconnect_time_us] => 44000
    [connect_time_us] => 19030
    [namelookup_time_us] => 5468
    [pretransfer_time_us] => 44084
    [redirect_time_us] => 0
    [starttransfer_time_us] => 44087
    [total_time_us] => 193484
)

[2020/08/25 07:49:02] => Foundation setup: apply +OK
[2020/08/25 07:49:02] => Execute handler (onInstall): Array
(
    [result] => Array
        (
            [download] => Array
                (
                    [0] => Array
                        (
                            [action] => install
                            [process] => downloadCore
                            [code] => tastyigniter
                            [name] => TastyIgniter
                            [author] => Samuel Adepoyigi
                            [description] => Powerful, yet easy to use, open source online food ordering, table reservation and restaurant management system
                            [icon] => icon-logo icon-ti-text-logo
                            [type] => core
                            [hash] => 0a9193d481253d23fa5d4e47a15c28030af80bfe
                            [version] => v3.0.4-beta.22.2
                            [published_at] => 2020-07-16T10:52:28.000000Z
                        )

                    [1] => Array
                        (
                            [action] => install
                            [process] => downloadExtension
                            [code] => igniter.cart
                            [name] => Cart
                            [author] => SamPoyigi
                            [description] => Easily add a shopping cart to your site. The most powerful way to sell your menu items.
                            [icon] => fa fa-shopping-cart
                            [type] => extension
                            [hash] => dc55135a9841406566491291c9b4bfc7fd033003
                            [version] => v2.2.0
                            [published_at] => 2020-07-06T09:23:15.000000Z
                        )

                    [2] => Array
                        (
                            [action] => install
                            [process] => downloadExtension
                            [code] => igniter.frontend
                            [name] => FrontEnd
                            [author] => SamPoyigi
                            [description] => Manage basic components like Slider, Featured Menu Items, Banners and Newsletter
                            [icon] => fa fa-store
                            [type] => extension
                            [hash] => 826931a2013e4c423e7b0707df73cf77d3cdaa84
                            [version] => v1.3.0
                            [published_at] => 2020-07-06T09:33:03.000000Z
                        )

                    [3] => Array
                        (
                            [action] => install
                            [process] => downloadExtension
                            [code] => igniter.local
                            [name] => Local
                            [author] => SamPoyigi
                            [description] => This extension allows your customers to find the nearest location.
                            [icon] => fa fa-map-marker
                            [type] => extension
                            [hash] => 84bf726f2ed22d92fee29bb442722bb8cf733c1c
                            [version] => v1.4.1
                            [published_at] => 2020-07-06T12:37:59.000000Z
                        )

                    [4] => Array
                        (
                            [action] => install
                            [process] => downloadExtension
                            [code] => igniter.pages
                            [name] => Pages
                            [author] => SamPoyigi
                            [description] => Provides static pages and navigation menus for your TastyIgniter application.
                            [icon] => fa fa-files-o
                            [type] => extension
                            [hash] => 1371bdb189786bd8cb6b73c6b574ddf479fc6e91
                            [version] => v1.3.4
                            [published_at] => 2020-07-02T10:38:04.000000Z
                        )

                    [5] => Array
                        (
                            [action] => install
                            [process] => downloadExtension
                            [code] => igniter.payregister
                            [name] => Pay Register
                            [author] => SamPoyigi
                            [description] => Allows you to accept credit card payments using PayPal, Stripe, Authorize.Net and/or Mollie.
                            [icon] => fa fa-money
                            [type] => extension
                            [hash] => bb47946f38eab477d9cb1a2e2dbc309ec0f9fe68
                            [version] => v1.3.3
                            [published_at] => 2020-07-06T09:48:15.000000Z
                        )

                    [6] => Array
                        (
                            [action] => install
                            [process] => downloadExtension
                            [code] => igniter.reservation
                            [name] => Reservations
                            [author] => SamPoyigi
                            [description] => Provides a simple booking form to accept table reservations.
                            [icon] => fa fa-calendar
                            [type] => extension
                            [hash] => ebd5e60142c904292d48a03b6d347676a00a9952
                            [version] => v1.1.7
                            [published_at] => 2020-07-06T09:53:59.000000Z
                        )

                    [7] => Array
                        (
                            [action] => install
                            [process] => downloadExtension
                            [code] => igniter.user
                            [name] => User
                            [author] => SamPoyigi
                            [description] => Management of front-end users (customers) on TastyIgniter.
                            [icon] => fa fa-user
                            [type] => extension
                            [hash] => 3de61f60555344b557942820da9d26a365b7e3b1
                            [version] => v1.4.0
                            [published_at] => 2020-07-06T09:56:51.000000Z
                        )

                    [8] => Array
                        (
                            [action] => install
                            [process] => downloadTheme
                            [code] => tastyigniter-orange
                            [name] => TastyIgniter Orange
                            [author] => TastyIgniter Dev Team
                            [description] => Free Modern, Responsive and Clean TastyIgniter Theme based on Bootstrap 4.
                            [icon] => fa-paint-brush
                            [type] => theme
                            [hash] => 216531603b606b5681f765951d46cbbe46501db3
                            [version] => v2.5.0
                            [published_at] => 2020-07-06T12:44:29.000000Z
                        )

                )

            [extract] => Array
                (
                    [0] => Array
                        (
                            [action] => install
                            [process] => extractCore
                            [code] => tastyigniter
                            [name] => TastyIgniter
                            [author] => Samuel Adepoyigi
                            [description] => Powerful, yet easy to use, open source online food ordering, table reservation and restaurant management system
                            [icon] => icon-logo icon-ti-text-logo
                            [type] => core
                            [hash] => 0a9193d481253d23fa5d4e47a15c28030af80bfe
                            [version] => v3.0.4-beta.22.2
                            [published_at] => 2020-07-16T10:52:28.000000Z
                        )

                    [1] => Array
                        (
                            [action] => install
                            [process] => extractExtension
                            [code] => igniter.cart
                            [name] => Cart
                            [author] => SamPoyigi
                            [description] => Easily add a shopping cart to your site. The most powerful way to sell your menu items.
                            [icon] => fa fa-shopping-cart
                            [type] => extension
                            [hash] => dc55135a9841406566491291c9b4bfc7fd033003
                            [version] => v2.2.0
                            [published_at] => 2020-07-06T09:23:15.000000Z
                        )

                    [2] => Array
                        (
                            [action] => install
                            [process] => extractExtension
                            [code] => igniter.frontend
                            [name] => FrontEnd
                            [author] => SamPoyigi
                            [description] => Manage basic components like Slider, Featured Menu Items, Banners and Newsletter
                            [icon] => fa fa-store
                            [type] => extension
                            [hash] => 826931a2013e4c423e7b0707df73cf77d3cdaa84
                            [version] => v1.3.0
                            [published_at] => 2020-07-06T09:33:03.000000Z
                        )

                    [3] => Array
                        (
                            [action] => install
                            [process] => extractExtension
                            [code] => igniter.local
                            [name] => Local
                            [author] => SamPoyigi
                            [description] => This extension allows your customers to find the nearest location.
                            [icon] => fa fa-map-marker
                            [type] => extension
                            [hash] => 84bf726f2ed22d92fee29bb442722bb8cf733c1c
                            [version] => v1.4.1
                            [published_at] => 2020-07-06T12:37:59.000000Z
                        )

                    [4] => Array
                        (
                            [action] => install
                            [process] => extractExtension
                            [code] => igniter.pages
                            [name] => Pages
                            [author] => SamPoyigi
                            [description] => Provides static pages and navigation menus for your TastyIgniter application.
                            [icon] => fa fa-files-o
                            [type] => extension
                            [hash] => 1371bdb189786bd8cb6b73c6b574ddf479fc6e91
                            [version] => v1.3.4
                            [published_at] => 2020-07-02T10:38:04.000000Z
                        )

                    [5] => Array
                        (
                            [action] => install
                            [process] => extractExtension
                            [code] => igniter.payregister
                            [name] => Pay Register
                            [author] => SamPoyigi
                            [description] => Allows you to accept credit card payments using PayPal, Stripe, Authorize.Net and/or Mollie.
                            [icon] => fa fa-money
                            [type] => extension
                            [hash] => bb47946f38eab477d9cb1a2e2dbc309ec0f9fe68
                            [version] => v1.3.3
                            [published_at] => 2020-07-06T09:48:15.000000Z
                        )

                    [6] => Array
                        (
                            [action] => install
                            [process] => extractExtension
                            [code] => igniter.reservation
                            [name] => Reservations
                            [author] => SamPoyigi
                            [description] => Provides a simple booking form to accept table reservations.
                            [icon] => fa fa-calendar
                            [type] => extension
                            [hash] => ebd5e60142c904292d48a03b6d347676a00a9952
                            [version] => v1.1.7
                            [published_at] => 2020-07-06T09:53:59.000000Z
                        )

                    [7] => Array
                        (
                            [action] => install
                            [process] => extractExtension
                            [code] => igniter.user
                            [name] => User
                            [author] => SamPoyigi
                            [description] => Management of front-end users (customers) on TastyIgniter.
                            [icon] => fa fa-user
                            [type] => extension
                            [hash] => 3de61f60555344b557942820da9d26a365b7e3b1
                            [version] => v1.4.0
                            [published_at] => 2020-07-06T09:56:51.000000Z
                        )

                    [8] => Array
                        (
                            [action] => install
                            [process] => extractTheme
                            [code] => tastyigniter-orange
                            [name] => TastyIgniter Orange
                            [author] => TastyIgniter Dev Team
                            [description] => Free Modern, Responsive and Clean TastyIgniter Theme based on Bootstrap 4.
                            [icon] => fa-paint-brush
                            [type] => theme
                            [hash] => 216531603b606b5681f765951d46cbbe46501db3
                            [version] => v2.5.0
                            [published_at] => 2020-07-06T12:44:29.000000Z
                        )

                )

            [config] => Array
                (
                    [0] => Array
                        (
                            [items] => Array
                                (
                                    [0] => Array
                                        (
                                            [code] => tastyigniter
                                            [name] => TastyIgniter
                                            [author] => Samuel Adepoyigi
                                            [description] => Powerful, yet easy to use, open source online food ordering, table reservation and restaurant management system
                                            [icon] => icon-logo icon-ti-text-logo
                                            [type] => core
                                            [hash] => 0a9193d481253d23fa5d4e47a15c28030af80bfe
                                            [version] => v3.0.4-beta.22.2
                                            [published_at] => 2020-07-16T10:52:28.000000Z
                                        )

                                    [1] => Array
                                        (
                                            [code] => igniter.cart
                                            [name] => Cart
                                            [author] => SamPoyigi
                                            [description] => Easily add a shopping cart to your site. The most powerful way to sell your menu items.
                                            [icon] => fa fa-shopping-cart
                                            [type] => extension
                                            [hash] => dc55135a9841406566491291c9b4bfc7fd033003
                                            [version] => v2.2.0
                                            [published_at] => 2020-07-06T09:23:15.000000Z
                                        )

                                    [2] => Array
                                        (
                                            [code] => igniter.frontend
                                            [name] => FrontEnd
                                            [author] => SamPoyigi
                                            [description] => Manage basic components like Slider, Featured Menu Items, Banners and Newsletter
                                            [icon] => fa fa-store
                                            [type] => extension
                                            [hash] => 826931a2013e4c423e7b0707df73cf77d3cdaa84
                                            [version] => v1.3.0
                                            [published_at] => 2020-07-06T09:33:03.000000Z
                                        )

                                    [3] => Array
                                        (
                                            [code] => igniter.local
                                            [name] => Local
                                            [author] => SamPoyigi
                                            [description] => This extension allows your customers to find the nearest location.
                                            [icon] => fa fa-map-marker
                                            [type] => extension
                                            [hash] => 84bf726f2ed22d92fee29bb442722bb8cf733c1c
                                            [version] => v1.4.1
                                            [published_at] => 2020-07-06T12:37:59.000000Z
                                        )

                                    [4] => Array
                                        (
                                            [code] => igniter.pages
                                            [name] => Pages
                                            [author] => SamPoyigi
                                            [description] => Provides static pages and navigation menus for your TastyIgniter application.
                                            [icon] => fa fa-files-o
                                            [type] => extension
                                            [hash] => 1371bdb189786bd8cb6b73c6b574ddf479fc6e91
                                            [version] => v1.3.4
                                            [published_at] => 2020-07-02T10:38:04.000000Z
                                        )

                                    [5] => Array
                                        (
                                            [code] => igniter.payregister
                                            [name] => Pay Register
                                            [author] => SamPoyigi
                                            [description] => Allows you to accept credit card payments using PayPal, Stripe, Authorize.Net and/or Mollie.
                                            [icon] => fa fa-money
                                            [type] => extension
                                            [hash] => bb47946f38eab477d9cb1a2e2dbc309ec0f9fe68
                                            [version] => v1.3.3
                                            [published_at] => 2020-07-06T09:48:15.000000Z
                                        )

                                    [6] => Array
                                        (
                                            [code] => igniter.reservation
                                            [name] => Reservations
                                            [author] => SamPoyigi
                                            [description] => Provides a simple booking form to accept table reservations.
                                            [icon] => fa fa-calendar
                                            [type] => extension
                                            [hash] => ebd5e60142c904292d48a03b6d347676a00a9952
                                            [version] => v1.1.7
                                            [published_at] => 2020-07-06T09:53:59.000000Z
                                        )

                                    [7] => Array
                                        (
                                            [code] => igniter.user
                                            [name] => User
                                            [author] => SamPoyigi
                                            [description] => Management of front-end users (customers) on TastyIgniter.
                                            [icon] => fa fa-user
                                            [type] => extension
                                            [hash] => 3de61f60555344b557942820da9d26a365b7e3b1
                                            [version] => v1.4.0
                                            [published_at] => 2020-07-06T09:56:51.000000Z
                                        )

                                    [8] => Array
                                        (
                                            [code] => tastyigniter-orange
                                            [name] => TastyIgniter Orange
                                            [author] => TastyIgniter Dev Team
                                            [description] => Free Modern, Responsive and Clean TastyIgniter Theme based on Bootstrap 4.
                                            [icon] => fa-paint-brush
                                            [type] => theme
                                            [hash] => 216531603b606b5681f765951d46cbbe46501db3
                                            [version] => v2.5.0
                                            [published_at] => 2020-07-06T12:44:29.000000Z
                                        )

                                )

                            [process] => writeConfig
                        )

                )

            [install] => Array
                (
                    [0] => Array
                        (
                            [items] => Array
                                (
                                    [0] => Array
                                        (
                                            [code] => tastyigniter
                                            [name] => TastyIgniter
                                            [author] => Samuel Adepoyigi
                                            [description] => Powerful, yet easy to use, open source online food ordering, table reservation and restaurant management system
                                            [icon] => icon-logo icon-ti-text-logo
                                            [type] => core
                                            [hash] => 0a9193d481253d23fa5d4e47a15c28030af80bfe
                                            [version] => v3.0.4-beta.22.2
                                            [published_at] => 2020-07-16T10:52:28.000000Z
                                        )

                                    [1] => Array
                                        (
                                            [code] => igniter.cart
                                            [name] => Cart
                                            [author] => SamPoyigi
                                            [description] => Easily add a shopping cart to your site. The most powerful way to sell your menu items.
                                            [icon] => fa fa-shopping-cart
                                            [type] => extension
                                            [hash] => dc55135a9841406566491291c9b4bfc7fd033003
                                            [version] => v2.2.0
                                            [published_at] => 2020-07-06T09:23:15.000000Z
                                        )

                                    [2] => Array
                                        (
                                            [code] => igniter.frontend
                                            [name] => FrontEnd
                                            [author] => SamPoyigi
                                            [description] => Manage basic components like Slider, Featured Menu Items, Banners and Newsletter
                                            [icon] => fa fa-store
                                            [type] => extension
                                            [hash] => 826931a2013e4c423e7b0707df73cf77d3cdaa84
                                            [version] => v1.3.0
                                            [published_at] => 2020-07-06T09:33:03.000000Z
                                        )

                                    [3] => Array
                                        (
                                            [code] => igniter.local
                                            [name] => Local
                                            [author] => SamPoyigi
                                            [description] => This extension allows your customers to find the nearest location.
                                            [icon] => fa fa-map-marker
                                            [type] => extension
                                            [hash] => 84bf726f2ed22d92fee29bb442722bb8cf733c1c
                                            [version] => v1.4.1
                                            [published_at] => 2020-07-06T12:37:59.000000Z
                                        )

                                    [4] => Array
                                        (
                                            [code] => igniter.pages
                                            [name] => Pages
                                            [author] => SamPoyigi
                                            [description] => Provides static pages and navigation menus for your TastyIgniter application.
                                            [icon] => fa fa-files-o
                                            [type] => extension
                                            [hash] => 1371bdb189786bd8cb6b73c6b574ddf479fc6e91
                                            [version] => v1.3.4
                                            [published_at] => 2020-07-02T10:38:04.000000Z
                                        )

                                    [5] => Array
                                        (
                                            [code] => igniter.payregister
                                            [name] => Pay Register
                                            [author] => SamPoyigi
                                            [description] => Allows you to accept credit card payments using PayPal, Stripe, Authorize.Net and/or Mollie.
                                            [icon] => fa fa-money
                                            [type] => extension
                                            [hash] => bb47946f38eab477d9cb1a2e2dbc309ec0f9fe68
                                            [version] => v1.3.3
                                            [published_at] => 2020-07-06T09:48:15.000000Z
                                        )

                                    [6] => Array
                                        (
                                            [code] => igniter.reservation
                                            [name] => Reservations
                                            [author] => SamPoyigi
                                            [description] => Provides a simple booking form to accept table reservations.
                                            [icon] => fa fa-calendar
                                            [type] => extension
                                            [hash] => ebd5e60142c904292d48a03b6d347676a00a9952
                                            [version] => v1.1.7
                                            [published_at] => 2020-07-06T09:53:59.000000Z
                                        )

                                    [7] => Array
                                        (
                                            [code] => igniter.user
                                            [name] => User
                                            [author] => SamPoyigi
                                            [description] => Management of front-end users (customers) on TastyIgniter.
                                            [icon] => fa fa-user
                                            [type] => extension
                                            [hash] => 3de61f60555344b557942820da9d26a365b7e3b1
                                            [version] => v1.4.0
                                            [published_at] => 2020-07-06T09:56:51.000000Z
                                        )

                                    [8] => Array
                                        (
                                            [code] => tastyigniter-orange
                                            [name] => TastyIgniter Orange
                                            [author] => TastyIgniter Dev Team
                                            [description] => Free Modern, Responsive and Clean TastyIgniter Theme based on Bootstrap 4.
                                            [icon] => fa-paint-brush
                                            [type] => theme
                                            [hash] => 216531603b606b5681f765951d46cbbe46501db3
                                            [version] => v2.5.0
                                            [published_at] => 2020-07-06T12:44:29.000000Z
                                        )

                                )

                            [process] => finishInstall
                        )

                )

        )

)

[2020/08/25 07:49:02] => .============================ POST REQUEST ==========================.
[2020/08/25 07:49:02] => Postback payload: Array
(
    [disableLog] => 1
)

[2020/08/25 07:49:02] => Foundation setup: downloadCore
[2020/08/25 07:49:03] => Downloaded file (tastyigniter) to /var/www/tastyignitor2/setup/temp/ef0eaeec4a461084eb2522e05b439f26.zip
[2020/08/25 07:49:03] => Foundation setup: downloadCore +OK
[2020/08/25 07:49:03] => Execute handler (onInstall): Array
(
    [result] => 1
)

[2020/08/25 07:49:04] => .============================ POST REQUEST ==========================.
[2020/08/25 07:49:04] => Postback payload: Array
(
    [disableLog] => 1
)

[2020/08/25 07:49:04] => Foundation setup: downloadExtension
[2020/08/25 07:49:04] => Downloaded file (igniter.cart) to /var/www/tastyignitor2/setup/temp/fa282679dd2434cdae8d547d1c5c5d8c.zip
[2020/08/25 07:49:04] => Foundation setup: downloadExtension +OK
[2020/08/25 07:49:04] => Execute handler (onInstall): Array
(
    [result] => 1
)

[2020/08/25 07:49:05] => .============================ POST REQUEST ==========================.
[2020/08/25 07:49:05] => Postback payload: Array
(
    [disableLog] => 1
)

[2020/08/25 07:49:05] => Foundation setup: downloadExtension
[2020/08/25 07:49:05] => Downloaded file (igniter.frontend) to /var/www/tastyignitor2/setup/temp/db3a6d1fa569f443562a66b03548a222.zip
[2020/08/25 07:49:05] => Foundation setup: downloadExtension +OK
[2020/08/25 07:49:05] => Execute handler (onInstall): Array
(
    [result] => 1
)

[2020/08/25 07:49:06] => .============================ POST REQUEST ==========================.
[2020/08/25 07:49:06] => Postback payload: Array
(
    [disableLog] => 1
)

[2020/08/25 07:49:06] => Foundation setup: downloadExtension
[2020/08/25 07:49:06] => Downloaded file (igniter.local) to /var/www/tastyignitor2/setup/temp/587037c94cc1682b021f543fa2deb6a4.zip
[2020/08/25 07:49:06] => Foundation setup: downloadExtension +OK
[2020/08/25 07:49:06] => Execute handler (onInstall): Array
(
    [result] => 1
)

[2020/08/25 07:49:07] => .============================ POST REQUEST ==========================.
[2020/08/25 07:49:07] => Postback payload: Array
(
    [disableLog] => 1
)

[2020/08/25 07:49:07] => Foundation setup: downloadExtension
[2020/08/25 07:49:07] => Downloaded file (igniter.pages) to /var/www/tastyignitor2/setup/temp/00afe6d516eb67a1f310fe21b7650e46.zip
[2020/08/25 07:49:07] => Foundation setup: downloadExtension +OK
[2020/08/25 07:49:07] => Execute handler (onInstall): Array
(
    [result] => 1
)

[2020/08/25 07:49:08] => .============================ POST REQUEST ==========================.
[2020/08/25 07:49:08] => Postback payload: Array
(
    [disableLog] => 1
)

[2020/08/25 07:49:08] => Foundation setup: downloadExtension
[2020/08/25 07:49:08] => Downloaded file (igniter.payregister) to /var/www/tastyignitor2/setup/temp/58f34c1535ce366d87573c5f9da1138e.zip
[2020/08/25 07:49:08] => Foundation setup: downloadExtension +OK
[2020/08/25 07:49:08] => Execute handler (onInstall): Array
(
    [result] => 1
)

[2020/08/25 07:49:09] => .============================ POST REQUEST ==========================.
[2020/08/25 07:49:09] => Postback payload: Array
(
    [disableLog] => 1
)

[2020/08/25 07:49:09] => Foundation setup: downloadExtension
[2020/08/25 07:49:09] => Downloaded file (igniter.reservation) to /var/www/tastyignitor2/setup/temp/be3c89d37e593618642ef2e5f7e198c7.zip
[2020/08/25 07:49:09] => Foundation setup: downloadExtension +OK
[2020/08/25 07:49:09] => Execute handler (onInstall): Array
(
    [result] => 1
)

[2020/08/25 07:49:10] => .============================ POST REQUEST ==========================.
[2020/08/25 07:49:10] => Postback payload: Array
(
    [disableLog] => 1
)

[2020/08/25 07:49:10] => Foundation setup: downloadExtension
[2020/08/25 07:49:10] => Downloaded file (igniter.user) to /var/www/tastyignitor2/setup/temp/af880bead8ef53d0b8be6e480655ca02.zip
[2020/08/25 07:49:10] => Foundation setup: downloadExtension +OK
[2020/08/25 07:49:10] => Execute handler (onInstall): Array
(
    [result] => 1
)

[2020/08/25 07:49:11] => .============================ POST REQUEST ==========================.
[2020/08/25 07:49:11] => Postback payload: Array
(
    [disableLog] => 1
)

[2020/08/25 07:49:11] => Foundation setup: downloadTheme
[2020/08/25 07:49:11] => Downloaded file (tastyigniter-orange) to /var/www/tastyignitor2/setup/temp/d524ceb31a7e131d7d22e6398a45a960.zip
[2020/08/25 07:49:11] => Foundation setup: downloadTheme +OK
[2020/08/25 07:49:11] => Execute handler (onInstall): Array
(
    [result] => 1
)

[2020/08/25 07:49:12] => .============================ POST REQUEST ==========================.
[2020/08/25 07:49:12] => Postback payload: Array
(
    [disableLog] => 1
)

[2020/08/25 07:49:12] => Foundation setup: extractCore
[2020/08/25 07:49:12] => Extracting [tastyigniter] file ef0eaeec4a461084eb2522e05b439f26.zip
[2020/08/25 07:49:12] => Foundation setup: extractCore +OK
[2020/08/25 07:49:12] => Execute handler (onInstall): Array
(
    [result] => 1
)

[2020/08/25 07:49:13] => .============================ POST REQUEST ==========================.
[2020/08/25 07:49:13] => Postback payload: Array
(
    [disableLog] => 1
)

[2020/08/25 07:49:13] => Foundation setup: extractExtension
[2020/08/25 07:49:13] => Extracting [igniter.cart] file fa282679dd2434cdae8d547d1c5c5d8c.zip
[2020/08/25 07:49:13] => Foundation setup: extractExtension +OK
[2020/08/25 07:49:13] => Execute handler (onInstall): Array
(
    [result] => 1
)

[2020/08/25 07:49:14] => .============================ POST REQUEST ==========================.
[2020/08/25 07:49:14] => Postback payload: Array
(
    [disableLog] => 1
)

[2020/08/25 07:49:14] => Foundation setup: extractExtension
[2020/08/25 07:49:14] => Extracting [igniter.frontend] file db3a6d1fa569f443562a66b03548a222.zip
[2020/08/25 07:49:14] => Foundation setup: extractExtension +OK
[2020/08/25 07:49:14] => Execute handler (onInstall): Array
(
    [result] => 1
)

[2020/08/25 07:49:14] => .============================ POST REQUEST ==========================.
[2020/08/25 07:49:14] => Postback payload: Array
(
    [disableLog] => 1
)

[2020/08/25 07:49:14] => Foundation setup: extractExtension
[2020/08/25 07:49:14] => Extracting [igniter.local] file 587037c94cc1682b021f543fa2deb6a4.zip
[2020/08/25 07:49:14] => Foundation setup: extractExtension +OK
[2020/08/25 07:49:14] => Execute handler (onInstall): Array
(
    [result] => 1
)

[2020/08/25 07:49:15] => .============================ POST REQUEST ==========================.
[2020/08/25 07:49:15] => Postback payload: Array
(
    [disableLog] => 1
)

[2020/08/25 07:49:15] => Foundation setup: extractExtension
[2020/08/25 07:49:15] => Extracting [igniter.pages] file 00afe6d516eb67a1f310fe21b7650e46.zip
[2020/08/25 07:49:15] => Foundation setup: extractExtension +OK
[2020/08/25 07:49:15] => Execute handler (onInstall): Array
(
    [result] => 1
)

[2020/08/25 07:49:15] => .============================ POST REQUEST ==========================.
[2020/08/25 07:49:15] => Postback payload: Array
(
    [disableLog] => 1
)

[2020/08/25 07:49:15] => Foundation setup: extractExtension
[2020/08/25 07:49:15] => Extracting [igniter.payregister] file 58f34c1535ce366d87573c5f9da1138e.zip
[2020/08/25 07:49:15] => Foundation setup: extractExtension +OK
[2020/08/25 07:49:15] => Execute handler (onInstall): Array
(
    [result] => 1
)

[2020/08/25 07:49:16] => .============================ POST REQUEST ==========================.
[2020/08/25 07:49:16] => Postback payload: Array
(
    [disableLog] => 1
)

[2020/08/25 07:49:16] => Foundation setup: extractExtension
[2020/08/25 07:49:16] => Extracting [igniter.reservation] file be3c89d37e593618642ef2e5f7e198c7.zip
[2020/08/25 07:49:16] => Foundation setup: extractExtension +OK
[2020/08/25 07:49:16] => Execute handler (onInstall): Array
(
    [result] => 1
)

[2020/08/25 07:49:17] => .============================ POST REQUEST ==========================.
[2020/08/25 07:49:17] => Postback payload: Array
(
    [disableLog] => 1
)

[2020/08/25 07:49:17] => Foundation setup: extractExtension
[2020/08/25 07:49:17] => Extracting [igniter.user] file af880bead8ef53d0b8be6e480655ca02.zip
[2020/08/25 07:49:17] => Foundation setup: extractExtension +OK
[2020/08/25 07:49:17] => Execute handler (onInstall): Array
(
    [result] => 1
)

[2020/08/25 07:49:17] => .============================ POST REQUEST ==========================.
[2020/08/25 07:49:17] => Postback payload: Array
(
    [disableLog] => 1
)

[2020/08/25 07:49:17] => Foundation setup: extractTheme
[2020/08/25 07:49:17] => Extracting [tastyigniter-orange] file d524ceb31a7e131d7d22e6398a45a960.zip
[2020/08/25 07:49:17] => Foundation setup: extractTheme +OK
[2020/08/25 07:49:17] => Execute handler (onInstall): Array
(
    [result] => 1
)

[2020/08/25 07:49:18] => .============================ POST REQUEST ==========================.
[2020/08/25 07:49:18] => Postback payload: Array
(
    [disableLog] => 1
)

[2020/08/25 07:49:18] => Foundation setup: writeConfig
[2020/08/25 07:49:18] => Foundation setup: writeConfig +OK
[2020/08/25 07:49:18] => Execute handler (onInstall): Array
(
    [result] => 1
)

[2020/08/25 07:49:19] => .============================ POST REQUEST ==========================.
[2020/08/25 07:49:19] => Postback payload: Array
(
    [disableLog] => 1
)

[2020/08/25 07:49:19] => Foundation setup: finishInstall
[2020/08/25 07:49:27] => Foundation setup: finishInstall +OK
[2020/08/25 07:49:27] => Execute handler (onInstall): Array
(
    [result] => http://localhost/admin/login
)

